Removed Pin From Net: NetName=NetC24_2 Pin=C24-2
Removed Pin From Net: NetName=NetC24_2 Pin=C26-1
Change component parameters: Designator = "C20" ("C20"); Footprint = "CAPC1608X73X35ML10T15"; UniqueID = "\TYZTHEFB" ("\TYZTHEFB")
Change component parameters (AddParameter): Name = "Capacitance"; Value = "8p2"; VariantName = "[No Variations]"
Change component parameters (AddParameter): Name = "Manufacturer"; Value = "AVX Interconnect / Elco"; VariantName = "[No Variations]"
Change component parameters (AddParameter): Name = "Part Number"; Value = "06035J8R2BBSTR"; VariantName = "[No Variations]"
Change component parameters: Designator = "R5" ("R5"); Footprint = "RESC1608X55X30ML15T15"; UniqueID = "\TQNLFCYX" ("\TQNLFCYX")
Change component parameters (AddParameter): Name = "Manufacturer"; Value = "Panasonic"; VariantName = "[No Variations]"
Change component parameters (AddParameter): Name = "Part Number"; Value = "ERJ-3EKF52R3V"; VariantName = "[No Variations]"
Change component parameters (AddParameter): Name = "Resistance"; Value = "52R3"; VariantName = "[No Variations]"
Added Pin To Net: NetName=VBUS Pin=C24-2
Added Pin To Net: NetName=VBUS Pin=C26-1
Change Net Name : Old Net Name=NetC24_2 New Net Name=NetR21_1
Change Net Name : Old Net Name=USB_D+ New Net Name=USB_UART_P
Change Net Name : Old Net Name=USB_D- New Net Name=USB_UART_N
Change Net Name : Old Net Name=USB_DM New Net Name=USB_N
Change Net Name : Old Net Name=USB_DP New Net Name=USB_P
Added Differential Pair: Name=USB_UART
Added Differential Pair: Name=USB
Added Room: Name=PBL44_Sch
