Add Component: Footprint Not Found Antena
Add Component: Footprint Not Found HDR1X2
Add Component: Footprint Not Found 322110030000
Added Component: Designator=U5(ADI-CP-8-1_L)
Add Pin To Net: Unknown Pin: Pin ANT1-2
Add Pin To Net: Unknown Pin: Pin BT1-1
Add Pin To Net: Unknown Pin: Pin BT1-2
Add Pin To Net: Unknown Pin: Pin J3-1
Add Pin To Net: Unknown Pin: Pin J3-2
Add Pin To Net: Unknown Pin: Pin J3-3
Add Pin To Net: Unknown Pin: Pin J3-4
Add Pin To Net: Unknown Pin: Pin J3-6
Add Pin To Net: Unknown Pin: Pin J3-8
Add Pin To Net: Unknown Pin: Pin J3-9
Add Pin To Net: Unknown Pin: Pin J3-10
Add Pin To Net: Unknown Pin: Pin U5-1
Add Pin To Net: Unknown Pin: Pin U5-2
Add Pin To Net: Unknown Pin: Pin U5-3
Add Pin To Net: Unknown Pin: Pin U5-4
Add Pin To Net: Unknown Pin: Pin U5-5
Add Pin To Net: Unknown Pin: Pin U5-6
Add Pin To Net: Unknown Pin: Pin U5-7
Add Pin To Net: Unknown Pin: Pin U5-8
Add Pin To Net: Unknown Pin: Pin U5-9
Add Class Member: Failed to add class member : Component ANT1 2195852-1
Add Class Member: Failed to add class member : Component BT1 Battery
Add Class Member: Failed to add class member : Component J3 STM32-SWD
Add Class Member: Failed to add class member : Component U5 AD8319ACPZ-R7
