Removed Pin From Net: NetName=GND Pin=ANT1-1
Removed Pin From Net: NetName=GND Pin=ANT1-3
Removed Pin From Net: NetName=GND Pin=D6-1
Removed Pin From Net: NetName=NetD7_2 Pin=R15-2
Removed Pin From Net: NetName=NetD8_2 Pin=R16-2
Removed Pin From Net: NetName=NetD9_2 Pin=R17-2
Removed Pin From Net: NetName=NetD10_2 Pin=R18-2
Removed Member From Class: ClassName=PBL44_Sch Member=D6
Change Component Footprint: Designator=D7 Old Footprint=FP-LTST-C190GKT-MFG New Footprint=Type 5mm
Change Component Footprint: Designator=D8 Old Footprint=FP-LTST-C190GKT-MFG New Footprint=Type 5mm
Change Component Footprint: Designator=D9 Old Footprint=FP-LTST-C190GKT-MFG New Footprint=Type 5mm
Change Component Footprint: Designator=D10 Old Footprint=FP-LTST-C190GKT-MFG New Footprint=Type 5mm
Change Component Comment : Designator=D7 Old Comment=LTST-C190GKT New Comment=151051RS11000
Change Component Comment : Designator=D8 Old Comment=LTST-C190GKT New Comment=151051RS11000
Change Component Comment : Designator=D9 Old Comment=LTST-C190GKT New Comment=151051RS11000
Change Component Comment : Designator=D10 Old Comment=LTST-C190GKT New Comment=151051RS11000
Change Managed Component Library Link : Designator=D7 Old VaultGUID=B7D15EC3-160A-466F-A46C-7801FE6295A7 New VaultGUID=B7D15EC3-160A-466F-A46C-7801FE6295A7 Old ItemGUID=081492FC-CAEA-4C79-885A-D0C33FB32B7E New ItemGUID=EB7D4AAE-B3C5-4E98-A16E-38CB9D2897AE Old RevisionGUID=BB6338E7-18A7-46F3-B0CC-5DA53CC2852E New RevisionGUID=5A5FF8AF-60E2-4E1F-99EC-BF904B74B5E6
Change Managed Component Library Link : Designator=D8 Old VaultGUID=B7D15EC3-160A-466F-A46C-7801FE6295A7 New VaultGUID=B7D15EC3-160A-466F-A46C-7801FE6295A7 Old ItemGUID=081492FC-CAEA-4C79-885A-D0C33FB32B7E New ItemGUID=EB7D4AAE-B3C5-4E98-A16E-38CB9D2897AE Old RevisionGUID=BB6338E7-18A7-46F3-B0CC-5DA53CC2852E New RevisionGUID=5A5FF8AF-60E2-4E1F-99EC-BF904B74B5E6
Change Managed Component Library Link : Designator=D9 Old VaultGUID=B7D15EC3-160A-466F-A46C-7801FE6295A7 New VaultGUID=B7D15EC3-160A-466F-A46C-7801FE6295A7 Old ItemGUID=081492FC-CAEA-4C79-885A-D0C33FB32B7E New ItemGUID=EB7D4AAE-B3C5-4E98-A16E-38CB9D2897AE Old RevisionGUID=BB6338E7-18A7-46F3-B0CC-5DA53CC2852E New RevisionGUID=5A5FF8AF-60E2-4E1F-99EC-BF904B74B5E6
Change Managed Component Library Link : Designator=D10 Old VaultGUID=B7D15EC3-160A-466F-A46C-7801FE6295A7 New VaultGUID=B7D15EC3-160A-466F-A46C-7801FE6295A7 Old ItemGUID=081492FC-CAEA-4C79-885A-D0C33FB32B7E New ItemGUID=EB7D4AAE-B3C5-4E98-A16E-38CB9D2897AE Old RevisionGUID=BB6338E7-18A7-46F3-B0CC-5DA53CC2852E New RevisionGUID=5A5FF8AF-60E2-4E1F-99EC-BF904B74B5E6
Change component parameters: Designator = "D7" ("D7"); Footprint = "FP-LTST-C190GKT-MFG"; UniqueID = "\YDOQVSJZ" ("\YDOQVSJZ")
Change component parameters (AddParameter): Name = "ComponentLink1Description"; Value = "Manufacturer URL"; VariantName = "[No Variations]"
Change component parameters (AddParameter): Name = "ComponentLink1URL"; Value = "http://www.we-online.com"; VariantName = "[No Variations]"
Change component parameters (AddParameter): Name = "ComponentLink2Description"; Value = "Datasheet"; VariantName = "[No Variations]"
Change component parameters (AddParameter): Name = "ComponentLink2URL"; Value = "http://katalog.we-online.de/pbs/datasheet/7448042001.pdfhttp://katalog.we-online.de/pbs/datasheet/7448042001.pdfhttp://katalog.we-online.de/pbs/datasheet/7448042001.pdfhttp://katalog.we-online.de/pbs/datasheet/151051RS11000.pdf"; VariantName = "[No Variations]"
Change component parameters (AddParameter): Name = "Emitting color"; Value = "Red"; VariantName = "[No Variations]"
Change component parameters (AddParameter): Name = "Manufacturer"; Value = "Wuerth Elektronik"; VariantName = "[No Variations]"
Change component parameters (AddParameter): Name = "PackageReference"; Value = "Type 5mm"; VariantName = "[No Variations]"
Change component parameters (AddParameter): Name = "PartNumber"; Value = "151051RS11000"; VariantName = "[No Variations]"
Change component parameters: Designator = "D8" ("D8"); Footprint = "FP-LTST-C190GKT-MFG"; UniqueID = "\HXFSJKUN" ("\HXFSJKUN")
Change component parameters (AddParameter): Name = "ComponentLink1Description"; Value = "Manufacturer URL"; VariantName = "[No Variations]"
Change component parameters (AddParameter): Name = "ComponentLink1URL"; Value = "http://www.we-online.com"; VariantName = "[No Variations]"
Change component parameters (AddParameter): Name = "ComponentLink2Description"; Value = "Datasheet"; VariantName = "[No Variations]"
Change component parameters (AddParameter): Name = "ComponentLink2URL"; Value = "http://katalog.we-online.de/pbs/datasheet/7448042001.pdfhttp://katalog.we-online.de/pbs/datasheet/7448042001.pdfhttp://katalog.we-online.de/pbs/datasheet/7448042001.pdfhttp://katalog.we-online.de/pbs/datasheet/151051RS11000.pdf"; VariantName = "[No Variations]"
Change component parameters (AddParameter): Name = "Emitting color"; Value = "Red"; VariantName = "[No Variations]"
Change component parameters (AddParameter): Name = "Manufacturer"; Value = "Wuerth Elektronik"; VariantName = "[No Variations]"
Change component parameters (AddParameter): Name = "PackageReference"; Value = "Type 5mm"; VariantName = "[No Variations]"
Change component parameters (AddParameter): Name = "PartNumber"; Value = "151051RS11000"; VariantName = "[No Variations]"
Change component parameters: Designator = "D9" ("D9"); Footprint = "FP-LTST-C190GKT-MFG"; UniqueID = "\VTALXPLO" ("\VTALXPLO")
Change component parameters (AddParameter): Name = "ComponentLink1Description"; Value = "Manufacturer URL"; VariantName = "[No Variations]"
Change component parameters (AddParameter): Name = "ComponentLink1URL"; Value = "http://www.we-online.com"; VariantName = "[No Variations]"
Change component parameters (AddParameter): Name = "ComponentLink2Description"; Value = "Datasheet"; VariantName = "[No Variations]"
Change component parameters (AddParameter): Name = "ComponentLink2URL"; Value = "http://katalog.we-online.de/pbs/datasheet/7448042001.pdfhttp://katalog.we-online.de/pbs/datasheet/7448042001.pdfhttp://katalog.we-online.de/pbs/datasheet/7448042001.pdfhttp://katalog.we-online.de/pbs/datasheet/151051RS11000.pdf"; VariantName = "[No Variations]"
Change component parameters (AddParameter): Name = "Emitting color"; Value = "Red"; VariantName = "[No Variations]"
Change component parameters (AddParameter): Name = "Manufacturer"; Value = "Wuerth Elektronik"; VariantName = "[No Variations]"
Change component parameters (AddParameter): Name = "PackageReference"; Value = "Type 5mm"; VariantName = "[No Variations]"
Change component parameters (AddParameter): Name = "PartNumber"; Value = "151051RS11000"; VariantName = "[No Variations]"
Change component parameters: Designator = "D10" ("D10"); Footprint = "FP-LTST-C190GKT-MFG"; UniqueID = "\BTNAFDKI" ("\BTNAFDKI")
Change component parameters (AddParameter): Name = "ComponentLink1Description"; Value = "Manufacturer URL"; VariantName = "[No Variations]"
Change component parameters (AddParameter): Name = "ComponentLink1URL"; Value = "http://www.we-online.com"; VariantName = "[No Variations]"
Change component parameters (AddParameter): Name = "ComponentLink2Description"; Value = "Datasheet"; VariantName = "[No Variations]"
Change component parameters (AddParameter): Name = "ComponentLink2URL"; Value = "http://katalog.we-online.de/pbs/datasheet/7448042001.pdfhttp://katalog.we-online.de/pbs/datasheet/7448042001.pdfhttp://katalog.we-online.de/pbs/datasheet/7448042001.pdfhttp://katalog.we-online.de/pbs/datasheet/151051RS11000.pdf"; VariantName = "[No Variations]"
Change component parameters (AddParameter): Name = "Emitting color"; Value = "Red"; VariantName = "[No Variations]"
Change component parameters (AddParameter): Name = "Manufacturer"; Value = "Wuerth Elektronik"; VariantName = "[No Variations]"
Change component parameters (AddParameter): Name = "PackageReference"; Value = "Type 5mm"; VariantName = "[No Variations]"
Change component parameters (AddParameter): Name = "PartNumber"; Value = "151051RS11000"; VariantName = "[No Variations]"
Added Component: Designator=D11(Type 5mm)
Add component (AddParameter): Name = "ComponentLink1Description"; Value = "Manufacturer URL"; VariantName = "[No Variations]"
Add component (AddParameter): Name = "ComponentLink1URL"; Value = "http://www.we-online.com"; VariantName = "[No Variations]"
Add component (AddParameter): Name = "ComponentLink2Description"; Value = "Datasheet"; VariantName = "[No Variations]"
Add component (AddParameter): Name = "ComponentLink2URL"; Value = "http://katalog.we-online.de/pbs/datasheet/7448042001.pdfhttp://katalog.we-online.de/pbs/datasheet/7448042001.pdfhttp://katalog.we-online.de/pbs/datasheet/7448042001.pdfhttp://katalog.we-online.de/pbs/datasheet/151051RS11000.pdf"; VariantName = "[No Variations]"
Add component (AddParameter): Name = "Emitting color"; Value = "Red"; VariantName = "[No Variations]"
Add component (AddParameter): Name = "Manufacturer"; Value = "Wuerth Elektronik"; VariantName = "[No Variations]"
Add component (AddParameter): Name = "PackageReference"; Value = "Type 5mm"; VariantName = "[No Variations]"
Add component (AddParameter): Name = "PartNumber"; Value = "151051RS11000"; VariantName = "[No Variations]"
Added Pin To Net: NetName=GND Pin=D11-1
Added Pin To Net: NetName=NetD7_2 Pin=R14-2
Added Pin To Net: NetName=NetD8_2 Pin=R15-2
Added Pin To Net: NetName=NetD9_2 Pin=R16-2
Added Pin To Net: NetName=NetD10_2 Pin=R17-2
Added Pin To Net: NetName=NetD11_2 Pin=D11-2
Added Pin To Net: NetName=NetD11_2 Pin=R18-2
Added Net: Name=NetD11_2
Added Member To Class: ClassName=PBL44_Sch Member=Component ANT1 2195852-1
Added Member To Class: ClassName=PBL44_Sch Member=Component C13 06035C102KAT2A
Added Member To Class: ClassName=PBL44_Sch Member=Component C26 C0805C470J1GACTU
Added Member To Class: ClassName=PBL44_Sch Member=Component D11 151051RS11000
Added Room: Name=PBL44_Sch
